\BOOKMARK [0][-]{chapter*.2}{Kivonat}{}% 1
\BOOKMARK [0][-]{chapter*.3}{Abstract}{}% 2
\BOOKMARK [0][-]{chapter*.4}{Bevezeto}{}% 3
\BOOKMARK [1][-]{section.0.1}{Motiv\341ci\363}{chapter*.4}% 4
\BOOKMARK [1][-]{section.0.2}{A g\351pi tanul\341s igen r\366vid t\366rt\351nelme}{chapter*.4}% 5
\BOOKMARK [0][-]{chapter.1}{A Tensorflow \366kosziszt\351ma}{}% 6
\BOOKMARK [1][-]{section.1.1}{A Tensorflow k\366nyvt\341r.}{chapter.1}% 7
\BOOKMARK [1][-]{section.1.2}{A Tensorflow fut\341s k\366zben}{chapter.1}% 8
\BOOKMARK [0][-]{chapter.2}{A dolgozat formai kivitele}{}% 9
\BOOKMARK [1][-]{section.2.1}{A dolgozat kim\351rete}{chapter.2}% 10
\BOOKMARK [1][-]{section.2.2}{A dolgozat nyelve}{chapter.2}% 11
\BOOKMARK [1][-]{section.2.3}{A dokumentum nyomdatechnikai kivitele}{chapter.2}% 12
\BOOKMARK [0][-]{chapter.3}{A LaTeX-sablon haszn\341lata}{}% 13
\BOOKMARK [1][-]{section.3.1}{C\355mk\351k \351s hivatkoz\341sok}{chapter.3}% 14
\BOOKMARK [1][-]{section.3.2}{\301br\341k \351s t\341bl\341zatok}{chapter.3}% 15
\BOOKMARK [1][-]{section.3.3}{Felsorol\341sok \351s list\341k}{chapter.3}% 16
\BOOKMARK [1][-]{section.3.4}{K\351pletek}{chapter.3}% 17
\BOOKMARK [1][-]{section.3.5}{Irodalmi hivatkoz\341sok}{chapter.3}% 18
\BOOKMARK [1][-]{section.3.6}{A dolgozat szerkezete \351s a forr\341sf\341jlok}{chapter.3}% 19
\BOOKMARK [1][-]{section.3.7}{Alapadatok megad\341sa}{chapter.3}% 20
\BOOKMARK [1][-]{section.3.8}{\332j fejezet \355r\341sa}{chapter.3}% 21
\BOOKMARK [0][-]{chapter*.23}{K\366sz\366netnyilv\341n\355t\341s}{}% 22
\BOOKMARK [0][-]{chapter*.23}{Irodalomjegyz\351k}{}% 23
\BOOKMARK [0][-]{appendix*.24}{F\374ggel\351k}{}% 24
\BOOKMARK [1][-]{section.F.1}{A TeXnicCenter fel\374lete}{appendix*.24}% 25
\BOOKMARK [1][-]{section.F.2}{V\341lasz az ,,\311let, a vil\341gmindens\351g, meg minden'' k\351rd\351s\351re}{appendix*.24}% 26
