This is pdfTeX, Version 3.14159265-2.6-1.40.16 (TeX Live 2015/Debian) (preloaded format=pdflatex 2016.9.26)  9 OCT 2016 17:00
entering extended mode
 restricted \write18 enabled.
 %&-line parsing enabled.
**diploma.tex
(./diploma.tex
LaTeX2e <2016/02/01>
Babel <3.9q> and hyphenation patterns for 5 language(s) loaded.
(/usr/share/texlive/texmf-dist/tex/latex/base/report.cls
Document Class: report 2014/09/29 v1.4h Standard LaTeX document class
(/usr/share/texlive/texmf-dist/tex/latex/base/size11.clo
File: size11.clo 2014/09/29 v1.4h Standard LaTeX file (size option)
)
\c@part=\count79
\c@chapter=\count80
\c@section=\count81
\c@subsection=\count82
\c@subsubsection=\count83
\c@paragraph=\count84
\c@subparagraph=\count85
\c@figure=\count86
\c@table=\count87
\abovecaptionskip=\skip41
\belowcaptionskip=\skip42
\bibindent=\dimen102
)
(/usr/share/texlive/texmf-dist/tex/latex/base/t1enc.sty
Package: t1enc 1994/06/01 Standard LaTeX package
)
(/usr/share/texlive/texmf-dist/tex/latex/base/inputenc.sty
Package: inputenc 2015/03/17 v1.2c Input encoding file
\inpenc@prehook=\toks14
\inpenc@posthook=\toks15

(/usr/share/texlive/texmf-dist/tex/latex/base/latin2.def
File: latin2.def 2015/03/17 v1.2c Input encoding file
))
(/usr/share/texlive/texmf-dist/tex/latex/amsmath/amsmath.sty
Package: amsmath 2016/03/03 v2.15a AMS math features
\@mathmargin=\skip43

For additional information on amsmath, use the `?' option.
(/usr/share/texlive/texmf-dist/tex/latex/amsmath/amstext.sty
Package: amstext 2000/06/29 v2.01 AMS text

(/usr/share/texlive/texmf-dist/tex/latex/amsmath/amsgen.sty
File: amsgen.sty 1999/11/30 v2.0 generic functions
\@emptytoks=\toks16
\ex@=\dimen103
))
(/usr/share/texlive/texmf-dist/tex/latex/amsmath/amsbsy.sty
Package: amsbsy 1999/11/29 v1.2d Bold Symbols
\pmbraise@=\dimen104
)
(/usr/share/texlive/texmf-dist/tex/latex/amsmath/amsopn.sty
Package: amsopn 1999/12/14 v2.01 operator names
)
\inf@bad=\count88
LaTeX Info: Redefining \frac on input line 199.
\uproot@=\count89
\leftroot@=\count90
LaTeX Info: Redefining \overline on input line 297.
\classnum@=\count91
\DOTSCASE@=\count92
LaTeX Info: Redefining \ldots on input line 394.
LaTeX Info: Redefining \dots on input line 397.
LaTeX Info: Redefining \cdots on input line 518.
\Mathstrutbox@=\box26
\strutbox@=\box27
\big@size=\dimen105
LaTeX Font Info:    Redeclaring font encoding OML on input line 630.
LaTeX Font Info:    Redeclaring font encoding OMS on input line 631.
\macc@depth=\count93
\c@MaxMatrixCols=\count94
\dotsspace@=\muskip10
\c@parentequation=\count95
\dspbrk@lvl=\count96
\tag@help=\toks17
\row@=\count97
\column@=\count98
\maxfields@=\count99
\andhelp@=\toks18
\eqnshift@=\dimen106
\alignsep@=\dimen107
\tagshift@=\dimen108
\tagwidth@=\dimen109
\totwidth@=\dimen110
\lineht@=\dimen111
\@envbody=\toks19
\multlinegap=\skip44
\multlinetaggap=\skip45
\mathdisplay@stack=\toks20
LaTeX Info: Redefining \[ on input line 2735.
LaTeX Info: Redefining \] on input line 2736.
)
(/usr/share/texlive/texmf-dist/tex/latex/amsfonts/amssymb.sty
Package: amssymb 2013/01/14 v3.01 AMS font symbols

(/usr/share/texlive/texmf-dist/tex/latex/amsfonts/amsfonts.sty
Package: amsfonts 2013/01/14 v3.01 Basic AMSFonts support
\symAMSa=\mathgroup4
\symAMSb=\mathgroup5
LaTeX Font Info:    Overwriting math alphabet `\mathfrak' in version `bold'
(Font)                  U/euf/m/n --> U/euf/b/n on input line 106.
))
(/usr/share/texlive/texmf-dist/tex/latex/tools/enumerate.sty
Package: enumerate 2015/07/23 v3.00 enumerate extensions (DPC)
\@enLab=\toks21
)
(/usr/share/texlive/texmf-dist/tex/latex/ntheorem/ntheorem.sty
Style `ntheorem', Version 1.33 <2011/08/15>
Package: ntheorem 2011/08/15 1.33
(/usr/share/texlive/texmf-dist/tex/latex/base/ifthen.sty
Package: ifthen 2014/09/29 v1.1c Standard LaTeX ifthen package (DPC)
)
\theorem@style=\toks22
\theorem@@style=\toks23
\theorembodyfont=\toks24
\theoremnumbering=\toks25
\theorempreskipamount=\skip46
\theorempostskipamount=\skip47
\theoremframepreskipamount=\skip48
\theoremframepostskipamount=\skip49
\theoreminframepreskipamount=\skip50
\theoreminframepostskipamount=\skip51
\theorem@preskip=\toks26
\theorem@postskip=\toks27
\theorem@framepreskip=\toks28
\theorem@framepostskip=\toks29
\theorem@inframepreskip=\toks30
\theorem@inframepostskip=\toks31
\theoremindent=\dimen112
\theorem@indent=\dimen113
\theoremrightindent=\dimen114
\theorem@rightindent=\dimen115
\theoremheaderfont=\toks32
\theoremseparator=\toks33
\theoremprework=\toks34
\theorempostwork=\toks35
\theoremsymbol=\toks36
\qedsymbol=\toks37
\theoremkeyword=\toks38
\qedsymbol=\toks39
\thm@topsep=\skip52
\thm@topsepadd=\skip53
Package ntheorem Info: Option `thmmarks' loaded on input line 1175.
\c@endNonectr=\count100
\c@currNonectr=\count101
\mysavskip=\skip54
)
(/usr/share/texlive/texmf-dist/tex/latex/graphics/graphics.sty
Package: graphics 2016/01/03 v1.0q Standard LaTeX Graphics (DPC,SPQR)

(/usr/share/texlive/texmf-dist/tex/latex/graphics/trig.sty
Package: trig 2016/01/03 v1.10 sin cos tan (DPC)
)
(/usr/share/texlive/texmf-dist/tex/latex/latexconfig/graphics.cfg
File: graphics.cfg 2010/04/23 v1.9 graphics configuration of TeX Live
)
Package graphics Info: Driver file: pdftex.def on input line 95.

(/usr/share/texlive/texmf-dist/tex/latex/pdftex-def/pdftex.def
File: pdftex.def 2011/05/27 v0.06d Graphics/color for pdfTeX

(/usr/share/texlive/texmf-dist/tex/generic/oberdiek/infwarerr.sty
Package: infwarerr 2010/04/08 v1.3 Providing info/warning/error messages (HO)
)
(/usr/share/texlive/texmf-dist/tex/generic/oberdiek/ltxcmds.sty
Package: ltxcmds 2011/11/09 v1.22 LaTeX kernel commands for general use (HO)
)
\Gread@gobject=\count102
))
(/usr/share/texlive/texmf-dist/tex/latex/graphics/epsfig.sty
Package: epsfig 1999/02/16 v1.7a (e)psfig emulation (SPQR)

(/usr/share/texlive/texmf-dist/tex/latex/graphics/graphicx.sty
Package: graphicx 2014/10/28 v1.0g Enhanced LaTeX Graphics (DPC,SPQR)

(/usr/share/texlive/texmf-dist/tex/latex/graphics/keyval.sty
Package: keyval 2014/10/28 v1.15 key=value parser (DPC)
\KV@toks@=\toks40
)
\Gin@req@height=\dimen116
\Gin@req@width=\dimen117
)
\epsfxsize=\dimen118
\epsfysize=\dimen119
)
(/usr/share/texlive/texmf-dist/tex/latex/listings/listings.sty
\lst@mode=\count103
\lst@gtempboxa=\box28
\lst@token=\toks41
\lst@length=\count104
\lst@currlwidth=\dimen120
\lst@column=\count105
\lst@pos=\count106
\lst@lostspace=\dimen121
\lst@width=\dimen122
\lst@newlines=\count107
\lst@lineno=\count108
\lst@maxwidth=\dimen123

(/usr/share/texlive/texmf-dist/tex/latex/listings/lstmisc.sty
File: lstmisc.sty 2015/06/04 1.6 (Carsten Heinz)
\c@lstnumber=\count109
\lst@skipnumbers=\count110
\lst@framebox=\box29
)
(/usr/share/texlive/texmf-dist/tex/latex/listings/listings.cfg
File: listings.cfg 2015/06/04 1.6 listings configuration
))
Package: listings 2015/06/04 1.6 (Carsten Heinz)

(/usr/share/texlive/texmf-dist/tex/latex/graphics/color.sty
Package: color 2016/01/03 v1.1b Standard LaTeX Color (DPC)

(/usr/share/texlive/texmf-dist/tex/latex/latexconfig/color.cfg
File: color.cfg 2007/01/18 v1.5 color configuration of teTeX/TeXLive
)
Package color Info: Driver file: pdftex.def on input line 143.
)
(/usr/share/texlive/texmf-dist/tex/latex/lastpage/lastpage.sty
Package: lastpage 2015/03/29 v1.2m Refers to last page's name (HMM; JPG)
)
(/usr/share/texlive/texmf-dist/tex/latex/anysize/anysize.sty
Package: anysize 1994/08/13 setting margin sizes

document style option `anysize' loaded
Michael Salzenberg, Thomas Esser, Dirk Hillbrecht
Version 1.0, Aug 13, 1994
\@Leftmargin=\dimen124
\@Rightmargin=\dimen125
\@Topmargin=\dimen126
\@Bottommargin=\dimen127
) (/usr/share/texlive/texmf-dist/tex/generic/babel/babel.sty
Package: babel 2016/02/24 3.9q The Babel package
 (./magyar.ldf
Language: magyar 2007/10/19 v1.5 Magyar support from the babel v3.7 system

(/usr/share/texlive/texmf-dist/tex/generic/babel/babel.def
File: babel.def 2016/02/24 3.9q Babel common definitions
\babel@savecnt=\count111
\U@D=\dimen128
)
Package babel Info: Making ` an active character on input line 2609.
\c@footnote@add=\count112
\c@footnote@ch=\count113
))
(/usr/share/texlive/texmf-dist/tex/latex/sectsty/sectsty.sty
Package: sectsty 2002/02/25 v2.0.2 Commands to change all sectional heading sty
les
)
(/usr/share/texlive/texmf-dist/tex/latex/setspace/setspace.sty
Package: setspace 2011/12/19 v6.7a set line spacing
)
(/usr/share/texlive/texmf-dist/tex/latex/caption/caption.sty
Package: caption 2016/02/21 v3.3-144 Customizing captions (AR)

(/usr/share/texlive/texmf-dist/tex/latex/caption/caption3.sty
Package: caption3 2016/02/04 v1.7-139 caption3 kernel (AR)
Package caption3 Info: TeX engine: e-TeX on input line 67.
\captionmargin=\dimen129
\captionmargin@=\dimen130
\captionwidth=\dimen131
\caption@tempdima=\dimen132
\caption@indent=\dimen133
\caption@parindent=\dimen134
\caption@hangindent=\dimen135
)
\c@ContinuedFloat=\count114
Package caption Info: magyar babel option is loaded.
Package caption Info: listings package is loaded.
)
(/usr/share/texlive/texmf-dist/tex/latex/hyperref/hyperref.sty
Package: hyperref 2012/11/06 v6.83m Hypertext links for LaTeX

(/usr/share/texlive/texmf-dist/tex/generic/oberdiek/hobsub-hyperref.sty
Package: hobsub-hyperref 2012/05/28 v1.13 Bundle oberdiek, subset hyperref (HO)


(/usr/share/texlive/texmf-dist/tex/generic/oberdiek/hobsub-generic.sty
Package: hobsub-generic 2012/05/28 v1.13 Bundle oberdiek, subset generic (HO)
Package: hobsub 2012/05/28 v1.13 Construct package bundles (HO)
Package hobsub Info: Skipping package `infwarerr' (already loaded).
Package hobsub Info: Skipping package `ltxcmds' (already loaded).
Package: ifluatex 2010/03/01 v1.3 Provides the ifluatex switch (HO)
Package ifluatex Info: LuaTeX not detected.
Package: ifvtex 2010/03/01 v1.5 Detect VTeX and its facilities (HO)
Package ifvtex Info: VTeX not detected.
Package: intcalc 2007/09/27 v1.1 Expandable calculations with integers (HO)
Package: ifpdf 2011/01/30 v2.3 Provides the ifpdf switch (HO)
Package ifpdf Info: pdfTeX in PDF mode is detected.
Package: etexcmds 2011/02/16 v1.5 Avoid name clashes with e-TeX commands (HO)
Package etexcmds Info: Could not find \expanded.
(etexcmds)             That can mean that you are not using pdfTeX 1.50 or
(etexcmds)             that some package has redefined \expanded.
(etexcmds)             In the latter case, load this package earlier.
Package: kvsetkeys 2012/04/25 v1.16 Key value parser (HO)
Package: kvdefinekeys 2011/04/07 v1.3 Define keys (HO)
Package: pdftexcmds 2011/11/29 v0.20 Utility functions of pdfTeX for LuaTeX (HO
)
Package pdftexcmds Info: LuaTeX not detected.
Package pdftexcmds Info: \pdf@primitive is available.
Package pdftexcmds Info: \pdf@ifprimitive is available.
Package pdftexcmds Info: \pdfdraftmode found.
Package: pdfescape 2011/11/25 v1.13 Implements pdfTeX's escape features (HO)
Package: bigintcalc 2012/04/08 v1.3 Expandable calculations on big integers (HO
)
Package: bitset 2011/01/30 v1.1 Handle bit-vector datatype (HO)
Package: uniquecounter 2011/01/30 v1.2 Provide unlimited unique counter (HO)
)
Package hobsub Info: Skipping package `hobsub' (already loaded).
Package: letltxmacro 2010/09/02 v1.4 Let assignment for LaTeX macros (HO)
Package: hopatch 2012/05/28 v1.2 Wrapper for package hooks (HO)
Package: xcolor-patch 2011/01/30 xcolor patch
Package: atveryend 2011/06/30 v1.8 Hooks at the very end of document (HO)
Package atveryend Info: \enddocument detected (standard20110627).
Package: atbegshi 2011/10/05 v1.16 At begin shipout hook (HO)
Package: refcount 2011/10/16 v3.4 Data extraction from label references (HO)
Package: hycolor 2011/01/30 v1.7 Color options for hyperref/bookmark (HO)
)
(/usr/share/texlive/texmf-dist/tex/generic/ifxetex/ifxetex.sty
Package: ifxetex 2010/09/12 v0.6 Provides ifxetex conditional
)
(/usr/share/texlive/texmf-dist/tex/latex/oberdiek/auxhook.sty
Package: auxhook 2011/03/04 v1.3 Hooks for auxiliary files (HO)
)
(/usr/share/texlive/texmf-dist/tex/latex/oberdiek/kvoptions.sty
Package: kvoptions 2011/06/30 v3.11 Key value format for package options (HO)
)
\@linkdim=\dimen136
\Hy@linkcounter=\count115
\Hy@pagecounter=\count116

(/usr/share/texlive/texmf-dist/tex/latex/hyperref/pd1enc.def
File: pd1enc.def 2012/11/06 v6.83m Hyperref: PDFDocEncoding definition (HO)
)
\Hy@SavedSpaceFactor=\count117

(/usr/share/texlive/texmf-dist/tex/latex/latexconfig/hyperref.cfg
File: hyperref.cfg 2002/06/06 v1.2 hyperref configuration of TeXLive
)
Package hyperref Info: Hyper figures OFF on input line 4443.
Package hyperref Info: Link nesting OFF on input line 4448.
Package hyperref Info: Hyper index ON on input line 4451.
Package hyperref Info: Plain pages OFF on input line 4458.
Package hyperref Info: Backreferencing OFF on input line 4463.
Package hyperref Info: Implicit mode ON; LaTeX internals redefined.
Package hyperref Info: Bookmarks ON on input line 4688.
\c@Hy@tempcnt=\count118

(/usr/share/texlive/texmf-dist/tex/latex/url/url.sty
\Urlmuskip=\muskip11
Package: url 2013/09/16  ver 3.4  Verb mode for urls, etc.
)
LaTeX Info: Redefining \url on input line 5041.
\XeTeXLinkMargin=\dimen137
\Fld@menulength=\count119
\Field@Width=\dimen138
\Fld@charsize=\dimen139
Package hyperref Info: Hyper figures OFF on input line 6295.
Package hyperref Info: Link nesting OFF on input line 6300.
Package hyperref Info: Hyper index ON on input line 6303.
Package hyperref Info: backreferencing OFF on input line 6310.
Package hyperref Info: Link coloring OFF on input line 6315.
Package hyperref Info: Link coloring with OCG OFF on input line 6320.
Package hyperref Info: PDF/A mode OFF on input line 6325.
LaTeX Info: Redefining \ref on input line 6365.
LaTeX Info: Redefining \pageref on input line 6369.
\Hy@abspage=\count120
\c@Item=\count121
\c@Hfootnote=\count122
)

Package hyperref Message: Driver (autodetected): hpdftex.

(/usr/share/texlive/texmf-dist/tex/latex/hyperref/hpdftex.def
File: hpdftex.def 2012/11/06 v6.83m Hyperref driver for pdfTeX
\Fld@listcount=\count123
\c@bookmark@seq@number=\count124

(/usr/share/texlive/texmf-dist/tex/latex/oberdiek/rerunfilecheck.sty
Package: rerunfilecheck 2011/04/15 v1.7 Rerun checks for auxiliary files (HO)
Package uniquecounter Info: New unique counter `rerunfilecheck' on input line 2
82.
)
\Hy@SectionHShift=\skip55
)

Package hyperref Warning: Option `bookmarks' has already been used,
(hyperref)                setting the option has no effect on input line 73.

Package hyperref Info: Option `unicode' set `false' on input line 73.
Package hyperref Info: Option `pdfnewwindow' set `true' on input line 73.
Package hyperref Info: Option `colorlinks' set `true' on input line 73.
(./diploma.aux (./guideline.aux) (./project.aux) (./titlepage.aux)
(./declaration.aux) (./abstract.aux) (./introduction.aux) (./tensorflow.aux)
(./neural_image_classification.aux

LaTeX Warning: Label `fig:deconvnet' multiply defined.

) (./own_work.aux) (./measurements.aux

LaTeX Warning: Label `tab:MLPTablazat' multiply defined.


LaTeX Warning: Label `tab:MLPTablazat' multiply defined.

) (./acknowledgement.aux) (./appendices.aux))
\openout1 = `diploma.aux'.

LaTeX Font Info:    Checking defaults for OML/cmm/m/it on input line 143.
LaTeX Font Info:    ... okay on input line 143.
LaTeX Font Info:    Checking defaults for T1/cmr/m/n on input line 143.
LaTeX Font Info:    ... okay on input line 143.
LaTeX Font Info:    Checking defaults for OT1/cmr/m/n on input line 143.
LaTeX Font Info:    ... okay on input line 143.
LaTeX Font Info:    Checking defaults for OMS/cmsy/m/n on input line 143.
LaTeX Font Info:    ... okay on input line 143.
LaTeX Font Info:    Checking defaults for OMX/cmex/m/n on input line 143.
LaTeX Font Info:    ... okay on input line 143.
LaTeX Font Info:    Checking defaults for U/cmr/m/n on input line 143.
LaTeX Font Info:    ... okay on input line 143.
LaTeX Font Info:    Checking defaults for PD1/pdf/m/n on input line 143.
LaTeX Font Info:    ... okay on input line 143.

(/usr/share/texlive/texmf-dist/tex/context/base/supp-pdf.mkii
[Loading MPS to PDF converter (version 2006.09.02).]
\scratchcounter=\count125
\scratchdimen=\dimen140
\scratchbox=\box30
\nofMPsegments=\count126
\nofMParguments=\count127
\everyMPshowfont=\toks42
\MPscratchCnt=\count128
\MPscratchDim=\dimen141
\MPnumerator=\count129
\makeMPintoPDFobject=\count130
\everyMPtoPDFconversion=\toks43
) (/usr/share/texlive/texmf-dist/tex/latex/oberdiek/epstopdf-base.sty
Package: epstopdf-base 2010/02/09 v2.5 Base part for package epstopdf

(/usr/share/texlive/texmf-dist/tex/latex/oberdiek/grfext.sty
Package: grfext 2010/08/19 v1.1 Manage graphics extensions (HO)
)
Package grfext Info: Graphics extension search list:
(grfext)             [.png,.pdf,.jpg,.mps,.jpeg,.jbig2,.jb2,.PNG,.PDF,.JPG,.JPE
G,.JBIG2,.JB2,.eps]
(grfext)             \AppendGraphicsExtensions on input line 452.

(/usr/share/texlive/texmf-dist/tex/latex/latexconfig/epstopdf-sys.cfg
File: epstopdf-sys.cfg 2010/07/13 v1.3 Configuration of (r)epstopdf for TeX Liv
e
))
\c@lstlisting=\count131
Package lastpage Info: Please have a look at the pageslts package at
(lastpage)             https://www.ctan.org/pkg/pageslts
(lastpage)             ! on input line 143.


Package magyar.ldf Warning: All Hungarian hyphenation= patterns missing.
(magyar.ldf)                To make LaTeX hyphenate Hungarian words, please
(magyar.ldf)                modify language.dat and rerun initex or texconfig.


LaTeX Warning: Please use \usepackage[latin2]{inputenc} with
               \usepackage[magyar]{babel}.

Package caption Info: Begin \AtBeginDocument code.
Package caption Info: hyperref package is loaded.
Package caption Info: End \AtBeginDocument code.
\AtBeginShipoutBox=\box31
Package hyperref Info: Link coloring ON on input line 143.
(/usr/share/texlive/texmf-dist/tex/latex/hyperref/nameref.sty
Package: nameref 2012/10/27 v2.43 Cross-referencing by name of section

(/usr/share/texlive/texmf-dist/tex/generic/oberdiek/gettitlestring.sty
Package: gettitlestring 2010/12/03 v1.4 Cleanup title references (HO)
)
\c@section@level=\count132
)
LaTeX Info: Redefining \ref on input line 143.
LaTeX Info: Redefining \pageref on input line 143.
LaTeX Info: Redefining \nameref on input line 143.

(./diploma.out) (./diploma.out)
\@outlinefile=\write3
\openout3 = `diploma.out'.


(/usr/share/texlive/texmf-dist/tex/latex/base/report.cls
LaTeX Info: Redefining \cal on input line 591.
LaTeX Info: Redefining \mit on input line 592.
)
\openout2 = `guideline.aux'.

 (./guideline.tex
LaTeX Font Info:    Try loading font information for U+msa on input line 28.

(/usr/share/texlive/texmf-dist/tex/latex/amsfonts/umsa.fd
File: umsa.fd 2013/01/14 v3.01 AMS symbols A
)
LaTeX Font Info:    Try loading font information for U+msb on input line 28.

(/usr/share/texlive/texmf-dist/tex/latex/amsfonts/umsb.fd
File: umsb.fd 2013/01/14 v3.01 AMS symbols B
)
Overfull \hbox (12.76523pt too wide) in paragraph at lines 30--31
[]\T1/cmr/m/n/9 A diplomaterv szabványos méret¶ A4-es lapokra kerüljön. Az olda
lak tükörmargóval készüljenek (mindenhol
 []


Overfull \hbox (7.38991pt too wide) in paragraph at lines 34--35
[]\T1/cmr/m/n/9 A fejezeteket decimális beosztással kell ellátni. Az ábrákat a 
megfelel® helyre be kell illeszteni, fejezetenként
 []


Overfull \hbox (7.33696pt too wide) in paragraph at lines 34--35
\T1/cmr/m/n/9 decimális számmal és kifejez® címmel kell ellátni. A fejezeteket 
decimális aláosztással számozzuk, maximálisan
 []


Overfull \hbox (21.76758pt too wide) in paragraph at lines 38--39
\T1/cmr/m/n/9 megadásával) vagy sorszámozva. A teljes lista névsor szerinti sor
rendben a szöveg végén szerepeljen (sorszámozott
 []

LaTeX Font Info:    Try loading font information for OMS+cmr on input line 43.
(/usr/share/texlive/texmf-dist/tex/latex/base/omscmr.fd
File: omscmr.fd 2014/09/29 v2.5h Standard LaTeX font definitions
)
LaTeX Font Info:    Font shape `OMS/cmr/m/n' in size <9> not available
(Font)              Font shape `OMS/cmsy/m/n' tried instead on input line 43.
) [1



{/var/lib/texmf/fonts/map/pdftex/updmap/pdftex.map}]
\openout2 = `project.aux'.

 (./project.tex) [2



]
\openout2 = `titlepage.aux'.

 (./titlepage.tex
<figures/BMElogo.png, id=214, 975.645pt x 273.02pt>
File: figures/BMElogo.png Graphic file (type png)
 <use figures/BMElogo.png>
Package pdftex.def Info: figures/BMElogo.png used on input line 6.
(pdftex.def)             Requested size: 170.71652pt x 47.77087pt.
pdfTeX warning (ext4): destination with the same identifier (name{page.1}) has 
been already used, duplicate ignored
<to be read again> 
                   \relax 
l.25 \end{titlepage}
                     [1


 <./figures/BMElogo.png>]) (./diploma.tocpdfTeX warning (ext4): destination wit
h the same identifier (name{page.1}) has been already used, duplicate ignored
<to be read again> 
                   \relax 
l.75 ...edm\'enyeim \"osszegz\'ese}{32}{chapter.4}
                                                   [1




pdfTeX warning: pdflatex: pop empty color page stack 0
])
\tf@toc=\write4
\openout4 = `diploma.toc'.

pdfTeX warning (ext4): destination with the same identifier (name{page.2}) has 
been already used, duplicate ignored
<to be read again> 
                   \relax 
l.152 \include{declaration}
                            [2]
\openout2 = `declaration.aux'.

 (./declaration.tex
Overfull \hbox (33.32556pt too wide) in paragraph at lines 9--10
[]\T1/cmr/m/n/10.95 Alulírott \T1/cmr/m/it/10.95 Kemény Károly\T1/cmr/m/n/10.95
 , szigorló hallgató kijelentem, hogy ezt a szakdolgozatot/ diplomatervet
 []

[3

])
\openout2 = `abstract.aux'.

 (./abstract.tex
Overfull \hbox (6.28767pt too wide) in paragraph at lines 6--7
\T1/cmr/m/n/10.95 Jelen dokumentum egy diplomaterv sablon, amely formai keretet
 ad a BME Villamosmérnöki
 []


Overfull \hbox (3.56065pt too wide) in paragraph at lines 6--7
\T1/cmr/m/n/10.95 és Informatikai Karán végz® hallgatók által elkészítend® szak
dolgozatnak és diplomatervnek.
 []

[4




]
Overfull \hbox (17.14114pt too wide) in paragraph at lines 14--15
\T1/cmr/m/n/10.95 The usage of this skeleton is optional. It has been tested wi
th the \T1/cmr/m/it/10.95 TeXLive \T1/cmr/m/n/10.95 T[]X implementation,
 []

) [5

]
\openout2 = `introduction.aux'.

 (./introduction.tex

Package hyperref Warning: Glyph not defined in PD1 encoding,
(hyperref)                removing `\H' on input line 2.


Overfull \hbox (15.3065pt too wide) in paragraph at lines 7--9
 []\T1/cmr/bx/n/10.95 A neurális hálózat[] \T1/cmr/m/n/10.95 A neurális hálózat
 egy számítási modell amelyet számos, algoritmikailag
 []


Overfull \hbox (36.0505pt too wide) in paragraph at lines 9--10
\T1/cmr/m/n/10.95 OCR rendszerekt®l kezdve egészen a rákos daganatok detektálás
áig elterjedt a felhasználásuk. 
 []


Overfull \hbox (18.82295pt too wide) in paragraph at lines 16--17
\T1/cmr/m/n/10.95 hálózatok felhasználásáról, különös tekintettel a neurális há
lózatokkal történ® képosztályozásra.
 []


Overfull \hbox (6.04106pt too wide) in paragraph at lines 16--17
\T1/cmr/m/n/10.95 arra hogy lássam hogy komplex matematikai absztrakciók hogyan
 öltenek testet szoftverként.
 []


Overfull \hbox (6.50034pt too wide) in paragraph at lines 16--17
\T1/cmr/m/n/10.95 Példáúl a sztochasztikus generativ vagy a konvoluciós neuráli
s hálózatok hogyan fordíthatóak
 []


Overfull \hbox (16.64241pt too wide) in paragraph at lines 16--17
\T1/cmr/m/n/10.95 le effektív programmá, és hogyan lehet bel®lük értékes alkalm
azásokat készíteni. A szakdolgozat
 []


Overfull \hbox (12.70267pt too wide) in paragraph at lines 16--17
\T1/cmr/m/n/10.95 egy hosszabb projekt része, ahol egy Tegra mobil chipen kell 
majd képosztályzó algoritmusokat
 []

[6



]
Overfull \hbox (32.38774pt too wide) in paragraph at lines 18--19
 []\T1/cmr/bx/n/10.95 Érdekl®désem a neurális hálózatok iránt[] \T1/cmr/m/n/10.
95 Az önálló labor munkám során és a szakirányomon
 []


Overfull \hbox (8.7764pt too wide) in paragraph at lines 18--19
\T1/cmr/m/n/10.95 oktatott kooperatív és tanuló rendszerek tárgyban találkoztam
 el®ször ezzel a megközelítéssel.
 []


Overfull \hbox (19.87576pt too wide) in paragraph at lines 34--35
\T1/cmr/m/n/10.95 konstrukció képes volt megtanulni dámajátékot játszani. Samue
l algoritmusai heurisztikus
 []


Overfull \hbox (23.37456pt too wide) in paragraph at lines 34--35
\T1/cmr/m/n/10.95 keresési memóriát alkalmaztak annak érdekében hogy a saját ta
pasztalataikból tanuljanak.
 []

[7]
Overfull \hbox (11.78876pt too wide) in paragraph at lines 36--38
\T1/cmr/m/n/10.95 az érdekl®désüket a terület iránt. 1985-ben egy forradalmi új
ítás, a hibavisszaterjesztéses
 []


Overfull \hbox (12.72469pt too wide) in paragraph at lines 39--40
\T1/cmr/m/n/10.95 modellek nem tudtak a megnövekedett teljesítményt kihasználva
 a neurális hálózatokhoz
 []


Overfull \hbox (4.393pt too wide) in paragraph at lines 39--40
\T1/cmr/m/n/10.95 Shazam, a netflix díj nyertes ajánlási algoritmus, csak hogy 
pár példát szemelvényezzek
 []


Overfull \hbox (15.82736pt too wide) in paragraph at lines 44--45
[] \T1/cmr/m/n/10.95 A tensorflow mint neurális rendszerek kutatására, fejleszt
ésére és éles üzembe helyezésére
 []


Overfull \hbox (22.28738pt too wide) in paragraph at lines 53--54
[] \T1/cmr/m/n/10.95 A saját fejlesztéseim bemutatása, amely egy két egyszer¶bb
 struktúra a fent bemutatottak
 []

) [8]
\openout2 = `tensorflow.aux'.

 (./tensorflow.tex
1. fejezet.

Overfull \hbox (1.44733pt too wide) in paragraph at lines 6--7
\T1/cmr/m/n/10.95 mérétéke és az információk elszórtsága és ellentmondásossága 
miatt koránt sem egy egyszer¶
 []


Overfull \hbox (3.67996pt too wide) in paragraph at lines 6--7
\T1/cmr/m/n/10.95 igénye nélkül: Caffee, Chainer, CNTK, Matlab, Tensorflow, The
nao, Torch. A következ®kben
 []


Overfull \hbox (17.42014pt too wide) in paragraph at lines 6--7
\T1/cmr/m/n/10.95 implicit módon megindokolni hogy szerintem miért ez a megfele
l® eszköz a neurális hálózatokkal
 []


Overfull \hbox (1.1451pt too wide) in paragraph at lines 8--9
\T1/cmr/m/n/10.95 benne. A könyvtár a DistBelief nev¶ keretrendszer egyenesági 
leszármazottjának tekinthet®.
 []


Overfull \hbox (11.59627pt too wide) in paragraph at lines 8--9
\T1/cmr/m/n/10.95 A DistBelief csendben meghúzódva, de ott dolgozik a fejlett v
ilág majdnem minden emberének
 []


Overfull \hbox (2.17616pt too wide) in paragraph at lines 10--12
 []\T1/cmr/bx/n/10.95 A Tensorflow alapgondolata.[] \T1/cmr/m/n/10.95 Mint már 
említettem a Tensorflow könyvtárban az ember
 []


Overfull \hbox (0.39899pt too wide) in paragraph at lines 10--12
\T1/cmr/m/n/10.95 a modelljeit egy adatfolyam-szer¶ számítási gráfként definiál
hatja. Ennek a megközelítésnek
 []


Overfull \hbox (9.55203pt too wide) in paragraph at lines 10--12
\T1/cmr/m/n/10.95 képes a gráf egyes csomópontjait lefuttatni, amik igény vezér
elt módon minden a bemenetükre
 []


Overfull \hbox (9.02231pt too wide) in paragraph at lines 10--12
\T1/cmr/m/n/10.95 változóig. Miután a csomópont sikeresen lefutott a kimenetét 
a csatolt nyelv egy változójaként
 []

[9



]
Overfull \hbox (14.65402pt too wide) in paragraph at lines 19--20
\T1/cmr/m/n/10.95 rendelkezésre állású kiszolgálórendszer. A rendszer lehet®vé 
teszi új architektúrák kiprobálását,
 []

[10])
Overfull \hbox (7.23463pt too wide) in paragraph at lines 24--155
 []\T1/cmr/bx/n/10.95 Mobil környezet[] \T1/cmr/m/n/10.95 A Tensorflow támogatj
a a mobil eszközön való futást, az el®bbi szcenárió
 []


Overfull \hbox (20.44183pt too wide) in paragraph at lines 24--155
\T1/cmr/m/n/10.95 a könyvtárral egy teljesen járható úttá válik. Ez jelenti az 
igazi skálázódást, asztali számítógépen
 []

[11]
\openout2 = `neural_image_classification.aux'.

 (./neural_image_classification.tex
2. fejezet.

Package hyperref Warning: Glyph not defined in PD1 encoding,
(hyperref)                removing `\H' on input line 2.


Overfull \hbox (10.76851pt too wide) in paragraph at lines 5--6
\T1/cmr/m/n/10.95 többréteg¶ perceptronoktól a konvoluciós hálózatokig, végül a
 legújabb trendek ismertetésével
 []


Overfull \hbox (13.28905pt too wide) in paragraph at lines 16--17
\T1/cmr/m/n/10.95 hálózat általánosításáról következtetéseket lehessen levonni.
 Például az halak szuperosztályhoz
 []

[12



]
LaTeX Font Info:    Font shape `OMS/cmr/m/n' in size <10.95> not available
(Font)              Font shape `OMS/cmsy/m/n' tried instead on input line 20.

Overfull \hbox (5.76279pt too wide) in paragraph at lines 26--27
\T1/cmr/m/n/10.95 lokalizáció, objektum detekció, helyszín felismerés (pl tenge
rpart, hegyek), helyszín megértés.
 []


Overfull \hbox (15.86742pt too wide) in paragraph at lines 35--36
 []\T1/cmr/bx/n/10.95 Bevezetés[] \T1/cmr/m/n/10.95 Az évek során számos neurál
is hálózattal kísérleteztek a kutatók annak érdekében
 []


Overfull \hbox (17.7752pt too wide) in paragraph at lines 35--36
\T1/cmr/m/n/10.95 hogy rájöjjenek melyek képesek legjobban megtanulni a képekeb
en el®forduló szabályosságokat,
 []


Package hyperref Warning: Glyph not defined in PD1 encoding,
(hyperref)                removing `\H' on input line 37.


Overfull \hbox (0.23346pt too wide) in paragraph at lines 40--41
 []\T1/cmr/bx/n/10.95 El®zmények[] \T1/cmr/m/n/10.95 Miután Rosenblatt megalkot
ta az els® perceptron struktúrát a kései ötvenes
 []

[13] <figures/MLP.png, id=372, 289.08pt x 182.1204pt>
File: figures/MLP.png Graphic file (type png)
 <use figures/MLP.png>
Package pdftex.def Info: figures/MLP.png used on input line 44.
(pdftex.def)             Requested size: 341.43306pt x 215.11418pt.

Overfull \hbox (13.78828pt too wide) in paragraph at lines 49--52
 []\T1/cmr/bx/n/10.95 Backpropagation[] \T1/cmr/m/n/10.95 Az áttörés 1986-ban j
ött, amikor Geoffrey E. Hinton kollégáival sikeresen
 []


Overfull \hbox (11.06613pt too wide) in paragraph at lines 49--52
\T1/cmr/m/n/10.95 négyzetes hiba minimalizálásának érdekében. Az algoritmus lén
yege hogy a hibát a hálózatban
 []


Overfull \hbox (1.46283pt too wide) in paragraph at lines 49--52
\T1/cmr/m/n/10.95 a deriválás lánc szabályának segítségével terjesztjük vissza.
 Az algoritmust helymegtakarítás
 []


Overfull \hbox (5.81491pt too wide) in paragraph at lines 49--52
\T1/cmr/m/n/10.95 további részleteket találhatnak. Az algoritmus pseudokód össz
efoglalását a [][]2.1[][].-ábrán látható
 []

LaTeX Font Info:    Try loading font information for T1+cmtt on input line 53.
(/usr/share/texlive/texmf-dist/tex/latex/base/t1cmtt.fd
File: t1cmtt.fd 2014/09/29 v2.5h Standard LaTeX font definitions
) [14 <./figures/MLP.png>]
Overfull \hbox (6.43944pt too wide) in paragraph at lines 88--89
 []\T1/cmr/bx/n/10.95 A tanulás jellege[] \T1/cmr/m/n/10.95 A felügyelt tanulás
 kapzsi módon a hibafüggvényt a súlyok gradiensének
 []


Overfull \hbox (7.85008pt too wide) in paragraph at lines 88--89
\T1/cmr/m/n/10.95 ([][]2.2[][]. ábra). Ez habár nem közvetlenül egy hibafüggvén
y, de ezt a tulajdonságát jól szemlélteti. 
 []


Overfull \hbox (1.61131pt too wide) in paragraph at lines 90--92
 []\T1/cmr/bx/n/10.95 A struktúra kialakítása[] \T1/cmr/m/n/10.95 Az MLP annyir
a általános struktúrát használ, hogy lényegében
 []

<figures/sigmaContour.jpg, id=407, 240.9pt x 236.885pt>
File: figures/sigmaContour.jpg Graphic file (type jpg)

<use figures/sigmaContour.jpg>
Package pdftex.def Info: figures/sigmaContour.jpg used on input line 95.
(pdftex.def)             Requested size: 85.35826pt x 83.9339pt.


LaTeX Warning: Citation `ExploringStrategies' on page 15 undefined on input lin
e 103.

[15] <figures/rbm.png, id=428, 146.7081pt x 80.9424pt>
File: figures/rbm.png Graphic file (type png)
 <use figures/rbm.png>
Package pdftex.def Info: figures/rbm.png used on input line 109.
(pdftex.def)             Requested size: 142.26378pt x 78.49179pt.

Underfull \hbox (badness 10000) in paragraph at lines 110--110
[][]|\T1/cmr/m/it/9 Egy RBM hálózat. Forrás: [][]$\T1/cmtt/m/it/9 http : / / de
eplearning . net /
 []

<figures/rbmFilters.png, id=431, 290.08376pt x 290.08376pt>
File: figures/rbmFilters.png Graphic file (type png)

<use figures/rbmFilters.png>
Package pdftex.def Info: figures/rbmFilters.png used on input line 116.
(pdftex.def)             Requested size: 142.26378pt x 142.26178pt.

Underfull \hbox (badness 10000) in paragraph at lines 117--117
[][]|\T1/cmr/m/it/9 Egy RBM által megtanult filterek. Forrás: [][]$\T1/cmtt/m/i
t/9 http : / / www .
 []


Underfull \hbox (badness 10000) in paragraph at lines 117--117
\T1/cmtt/m/it/9 pyimagesearch . com / wp-[]content / uploads / 2014 / 06 / rbm 
_
 []

[16 <./figures/sigmaContour.jpg> <./figures/rbm.png>]

LaTeX Warning: Reference `eq:probFirst' on page 17 undefined on input line 130.


[17 <./figures/rbmFilters.png (PNG copy)>]

LaTeX Warning: Reference `eq:h1' on page 18 undefined on input line 166.


LaTeX Warning: Reference `eq:v1' on page 18 undefined on input line 166.


Overfull \hbox (8.89966pt too wide) in paragraph at lines 166--167
\T1/cmr/m/n/10.95 gép korlátozott legyen, tehát egy páros gráp formáját vegye f
el, mert így az egyes neuronokhoz
 []

<figures/gibbs.png, id=460, 1081.03876pt x 403.5075pt>
File: figures/gibbs.png Graphic file (type png)
 <use figures/gibbs.png>
Package pdftex.def Info: figures/gibbs.png used on input line 179.
(pdftex.def)             Requested size: 341.43306pt x 127.438pt.

Underfull \hbox (badness 10000) in paragraph at lines 180--180
[][]|\T1/cmr/m/it/9 A gibbs mintavételezési eljárás. Forrás: [][]$\T1/cmtt/m/it
/9 http : / /
 []


Overfull \hbox (32.84268pt too wide) in paragraph at lines 186--187
\T1/cmr/m/n/10.95 eredményjavulást hozott, amely beigazolta hogy valóban a szám
ok valós jellemz® reprezentációihoz
 []

[18 <./figures/gibbs.png>]
Overfull \hbox (6.70601pt too wide) in paragraph at lines 202--203
\T1/cmr/m/n/10.95 hogy ezzel sikerült a kutatóknak megoldania a többréteg¶ perc
eptron gépek egyik legnagyobb
 []

<figures/mlpEvolution.png, id=479, 933.4875pt x 468.75125pt>
File: figures/mlpEvolution.png Graphic file (type png)

<use figures/mlpEvolution.png>
Package pdftex.def Info: figures/mlpEvolution.png used on input line 206.
(pdftex.def)             Requested size: 341.43306pt x 171.44682pt.

Underfull \hbox (badness 2142) in paragraph at lines 207--207
[][]|\T1/cmr/m/it/9 Az MLP fejl®dése a CIFAR-10 adahalmazon. (1) Logiszikus
 []


Underfull \hbox (badness 1939) in paragraph at lines 207--207
\T1/cmr/m/it/9 regresszió fehérített adatokon; (2) Tiszta backpropagation egy
 []


Underfull \hbox (badness 3724) in paragraph at lines 207--207
\T1/cmr/m/it/9 (5) Egyréteg¶ 10000 neuronos hálózat logisztikus regressziós
 []


Underfull \hbox (badness 3386) in paragraph at lines 207--207
\T1/cmr/m/it/9 (9) 782-4000-1000-4000-1000-4000-1000-4000-10 Z-Lin hálózat
 []


Overfull \hbox (15.13438pt too wide) in paragraph at lines 214--215
 []\T1/cmr/bx/n/10.95 Bevezetés[] \T1/cmr/m/n/10.95 Habár a szakdolgozatom gyak
orlati szekciójának jelent®s hányadában a generatív
 []


Overfull \hbox (5.09302pt too wide) in paragraph at lines 214--215
\T1/cmr/m/n/10.95 jelfeldogozást taglalja áttekint® jelleggel nem lehet teljes 
a konvoluciós hálózatok bemutatása
 []


LaTeX Warning: Reference `fig:deconvnet2' on page 19 undefined on input line 21
6.


Overfull \hbox (2.56102pt too wide) in paragraph at lines 216--217
\T1/cmr/m/n/10.95 foglaljuk bele a jel transzláció invarianciáját. A modellt el
einte képek feldolgozására alkották
 []

[19] <figures/deconvnet.png, id=493, 682.80093pt x 313.17pt>
File: figures/deconvnet.png Graphic file (type png)

<use figures/deconvnet.png>
Package pdftex.def Info: figures/deconvnet.png used on input line 220.
(pdftex.def)             Requested size: 341.43306pt x 156.60371pt.

Underfull \hbox (badness 2103) in paragraph at lines 221--221
[][]|\T1/cmr/m/it/9 Az els® két szint sz¶r®i egy konvoluciós hálozatban. Forrás
:
 []

<figures/deconvnet2.png, id=496, 615.80063pt x 603.0028pt>
File: figures/deconvnet2.png Graphic file (type png)

<use figures/deconvnet2.png>
Package pdftex.def Info: figures/deconvnet2.png used on input line 227.
(pdftex.def)             Requested size: 341.43306pt x 334.33928pt.

Underfull \hbox (badness 1845) in paragraph at lines 228--228
[][]|\T1/cmr/m/it/9 Az fels®bb rétegek sz¶r®i egy konvoluciós hálozatban. Forrá
s:
 []


Overfull \hbox (0.47713pt too wide) in paragraph at lines 232--233
 []\T1/cmr/bx/n/10.95 Az IMAGNET[] \T1/cmr/m/n/10.95 2012-ben az AlexNet nev¶ k
onvoluciós hálózat amelyet Alex Krizhevsky,
 []


Overfull \hbox (74.00008pt too wide) in paragraph at lines 238--247
 [][] 
 []


Overfull \hbox (4.30975pt too wide) in paragraph at lines 249--250
 []\T1/cmr/bx/n/10.95 Értékelés[] \T1/cmr/m/n/10.95 Látható hogy a legújabb kon
voluciós architektúrák már az emberi kiértékelésnél
 []


Overfull \hbox (4.32028pt too wide) in paragraph at lines 249--250
\T1/cmr/m/n/10.95 is pontosabb eredményt hoznak. Ráadásul a kezdeti naív megköz
elítést követ®en a paraméter
 []

[20 <./figures/mlpEvolution.png>] [21 <./figures/deconvnet.png> <./figures/deco
nvnet2.png>]
Overfull \hbox (6.2236pt too wide) in paragraph at lines 255--256
\T1/cmr/m/n/10.95 faktorizálva amik tandemben dolgoznak, az egyik egy osztály a
gnosztikus objektum detektor,
 []

<figures/FasterRCNN.png, id=521, 423.83344pt x 386.94562pt>
File: figures/FasterRCNN.png Graphic file (type png)

<use figures/FasterRCNN.png>
Package pdftex.def Info: figures/FasterRCNN.png used on input line 259.
(pdftex.def)             Requested size: 199.16928pt x 181.83495pt.


LaTeX Warning: Citation `genAdvNet' on page 22 undefined on input line 264.


Overfull \hbox (3.84244pt too wide) in paragraph at lines 264--265
 []\T1/cmr/bx/n/10.95 Generatív adverziális hálózatok[[]][] \T1/cmr/m/n/10.95 A
 LeCunn, a konvoluciós hálók megalkotója szerint
 []

[22 <./figures/FasterRCNN.png>]
<figures/adversarial.png, id=533, 499.8675pt x 167.62625pt>
File: figures/adversarial.png Graphic file (type png)

<use figures/adversarial.png>
Package pdftex.def Info: figures/adversarial.png used on input line 268.
(pdftex.def)             Requested size: 199.16928pt x 66.7884pt.


LaTeX Warning: Citation `generatingImageDesc' on page 23 undefined on input lin
e 273.

<figures/caption.png, id=536, 514.17094pt x 423.83344pt>
File: figures/caption.png Graphic file (type png)

<use figures/caption.png>
Package pdftex.def Info: figures/caption.png used on input line 277.
(pdftex.def)             Requested size: 199.16928pt x 164.17554pt.
 [23 <./figures/adversarial.png> <./figures/caption.png>] <figures/stn.png, id=
550, 392.46625pt x 292.09125pt>
File: figures/stn.png Graphic file (type png)
 <use figures/stn.png>
Package pdftex.def Info: figures/stn.png used on input line 286.
(pdftex.def)             Requested size: 199.16928pt x 148.23361pt.
) [24 <./figures/stn.png>]
\openout2 = `own_work.aux'.

 (./own_work.tex
3. fejezet.

Overfull \hbox (16.56256pt too wide) in paragraph at lines 5--7
\T1/cmr/m/n/10.95 el®z® részben bemutatott hálózatfajtákból megvalósítottam szá
mtalan példányt tensorflowban,
 []


Overfull \hbox (18.42743pt too wide) in paragraph at lines 12--13
\T1/cmr/m/n/10.95 MNIST adathalmazon is lefuttattam két ismert, minden nehézség
 nélkül használható osztályozó
 []


Package hyperref Warning: Glyph not defined in PD1 encoding,
(hyperref)                removing `\H' on input line 14.


Overfull \hbox (22.49565pt too wide) in paragraph at lines 18--19
\T1/cmr/m/n/10.95 osztályba foglalni, és a fejlesztéshez PyCharm IDE-t használn
i mert lényegesen gyorsabban
 []


Overfull \hbox (1.40019pt too wide) in paragraph at lines 19--20
[]\T1/cmr/m/it/10.95 A modellek kiértékelése: \T1/cmr/m/n/10.95 A modellek kiér
tékelésére úgy gondolom hogy a Tensorflowval
 []

[25



]
Overfull \hbox (2.49199pt too wide) in paragraph at lines 21--22
\T1/cmr/m/n/10.95 Tensorflow eredeti programozási absztrakciójához, mint ahogya
n azt az RBM esetében
 []


LaTeX Warning: Reference `listing:variableSummaries' on page 26 undefined on in
put line 26.


Package hyperref Warning: Glyph not defined in PD1 encoding,
(hyperref)                removing `\H' on input line 45.

[26]
Overfull \hbox (6.6067pt too wide) in paragraph at lines 52--53
[][][][][][][][][][][][] 
 []


Overfull \hbox (6.6067pt too wide) in paragraph at lines 63--64
[][][][][][][][][][][][][][][][][][][][][][][][][][][][] 
 []


Overfull \hbox (0.24496pt too wide) in paragraph at lines 78--82
\T1/cmr/m/n/10.95 Mint mondtam a TF-Slim nagyon kényelmes volt addig amíg olyan
 struktúrákkal dolgoztam
 []


Overfull \hbox (15.05922pt too wide) in paragraph at lines 78--82
\T1/cmr/m/n/10.95 amik könnyen definiálhatóak. Viszont csak többréteg¶ perceptr
onok és konvoluciós hálózatokat
 []

[27]

LaTeX Warning: Reference `eq:rbmPFromEnergy' on page 28 undefined on input line
 87.


LaTeX Warning: Reference `eq:RbmWDirect' on page 28 undefined on input line 87.



LaTeX Warning: Reference `eq:RbmCDirect' on page 28 undefined on input line 87.



LaTeX Warning: Reference `eq:RbmBDirect' on page 28 undefined on input line 87.



LaTeX Warning: Reference `fig:RbmClosed' on page 28 undefined on input line 87.



Overfull \hbox (5.51494pt too wide) in paragraph at lines 87--88
\T1/cmr/m/n/10.95 optimalizátorokkal teszteltem, gradientdescenttel és Adamsopt
imizerrel. Illetve a kísérletezés
 []

<figures/rbmClosed.png, id=615, 1129.21875pt x 814.04124pt>
File: figures/rbmClosed.png Graphic file (type png)

<use figures/rbmClosed.png>
Package pdftex.def Info: figures/rbmClosed.png used on input line 91.
(pdftex.def)             Requested size: 284.52756pt x 205.11215pt.

<figures/rbmExpanded.png, id=616, 1349.04pt x 653.44125pt>
File: figures/rbmExpanded.png Graphic file (type png)

<use figures/rbmExpanded.png>
Package pdftex.def Info: figures/rbmExpanded.png used on input line 98.
(pdftex.def)             Requested size: 284.52756pt x 137.81497pt.
 [28 <./figures/rbmClosed.png> <./figures/rbmExpanded.png>] <figures/svmRbm.png
, id=628, 1223.57124pt x 947.54pt>
File: figures/svmRbm.png Graphic file (type png)

<use figures/svmRbm.png>
Package pdftex.def Info: figures/svmRbm.png used on input line 108.
(pdftex.def)             Requested size: 284.52756pt x 220.32968pt.

<figures/convnet_1.png, id=630, 624.3325pt x 140.525pt>
File: figures/convnet_1.png Graphic file (type png)

<use figures/convnet_1.png>
Package pdftex.def Info: figures/convnet_1.png used on input line 118.
(pdftex.def)             Requested size: 341.43306pt x 76.85155pt.
 [29 <./figures/svmRbm.png>]
<figures/convnet_2.png, id=638, 1025.8325pt x 212.795pt>
File: figures/convnet_2.png Graphic file (type png)

<use figures/convnet_2.png>
Package pdftex.def Info: figures/convnet_2.png used on input line 128.
(pdftex.def)             Requested size: 341.43306pt x 70.82649pt.

<figures/device_distro.png, id=640, 678.535pt x 304.13625pt>
File: figures/device_distro.png Graphic file (type png)

<use figures/device_distro.png>
Package pdftex.def Info: figures/device_distro.png used on input line 137.
(pdftex.def)             Requested size: 341.43306pt x 153.03766pt.

<figures/tower_parallel.png, id=642, 946.53625pt x 781.92125pt>
File: figures/tower_parallel.png Graphic file (type png)

<use figures/tower_parallel.png>
Package pdftex.def Info: figures/tower_parallel.png used on input line 146.
(pdftex.def)             Requested size: 341.43306pt x 282.0522pt.
) [30 <./figures/convnet_1.png> <./figures/convnet_2.png> <./figures/device_dis
tro.png>] [31 <./figures/tower_parallel.png>]
\openout2 = `measurements.aux'.


(./measurements.tex
4. fejezet.

Overfull \hbox (18.72366pt too wide) in paragraph at lines 22--23
[]\T1/cmr/m/n/10.95 A Tensorboardon keresztül vizsgáltam a hálók teljesítmény é
s er®forrás karakterisztikáját. 
 []


Package hyperref Warning: Glyph not defined in PD1 encoding,
(hyperref)                removing `\H' on input line 26.


Overfull \hbox (30.85254pt too wide) in paragraph at lines 27--28
\T1/cmr/m/n/10.95 Az els® dolog amikor felütötte a fejét a kérdés nálam, hogy m
égis hogyan viszonyul teljesítményben
 []


Overfull \hbox (3.13838pt too wide) in paragraph at lines 27--28
\T1/cmr/m/n/10.95 sikerült lefuttatnom egy logisztikus regressziót Scikit segít
ségével a CIFAR-10 adathalmazon
 []

[32



] <figures/sklearn_cpu_liblinear.png, id=665, 701.62125pt x 311.1625pt>
File: figures/sklearn_cpu_liblinear.png Graphic file (type png)

<use figures/sklearn_cpu_liblinear.png>
Package pdftex.def Info: figures/sklearn_cpu_liblinear.png used on input line 3
1.
(pdftex.def)             Requested size: 284.52756pt x 126.1863pt.

<figures/tf_cpu.png, id=666, 700.6175pt x 306.14375pt>
File: figures/tf_cpu.png Graphic file (type png)

<use figures/tf_cpu.png>
Package pdftex.def Info: figures/tf_cpu.png used on input line 38.
(pdftex.def)             Requested size: 284.52756pt x 124.32854pt.

Overfull \hbox (16.3647pt too wide) in paragraph at lines 43--45
[]\T1/cmr/m/n/10.95 Mint látható a scikit-learnben elindított futtatás a teszt 
gép összes memóriáját felemésztette,
 []


Overfull \hbox (42.8264pt too wide) in paragraph at lines 43--45
\T1/cmr/m/n/10.95 További kutatásaimból kiderült hogy ez a Scikit-learn alapért
elmezett optimalizációs algoritmusának
 []


Overfull \hbox (7.64978pt too wide) in paragraph at lines 43--45
\T1/cmr/m/n/10.95 2013-as publikáció mutat be "Minimizing Finite Sums with Stoc
hastic Average Gradient"[[]].
 []


Overfull \hbox (10.27615pt too wide) in paragraph at lines 46--47
\T1/cmr/m/n/10.95 logisztikus regresszió vagy svm tanító algoritmusok mégsem le
sznek használhatóak egyszer¶en
 []


Overfull \hbox (5.7993pt too wide) in paragraph at lines 46--47
\T1/cmr/m/n/10.95 numerikus optmalizáció terén a sztochatsztikus módszerekre ko
ncentrál amik véletlenszer¶en
 []

[33 <./figures/sklearn_cpu_liblinear.png> <./figures/tf_cpu.png>]
Overfull \hbox (12.26994pt too wide) in paragraph at lines 51--52
\T1/cmr/m/n/10.95 regresszió, és egy egyszer¶ SVM volt, amihez polynomiális ker
nelt használtam 3 as fokszámmal
 []


Overfull \hbox (20.1154pt too wide) in paragraph at lines 51--52
\T1/cmr/m/n/10.95 és az els® rend¶ tagokat használva. Az eredményeim az eredmén
yiemet az MNIST adathalmazon
 []


Overfull \hbox (27.41006pt too wide) in paragraph at lines 66--67
\T1/cmr/m/n/10.95 struktúrát a nyers adatokon kezdtem el tréningezni, klassziku
s el®feldolgozási lépések alkalmazása
 []


Underfull \hbox (badness 1337) in paragraph at lines 71--71
[][]|\T1/cmr/m/it/9 A baseline mérések eremdénye az CIFAR-10 adathalmaz nyers p
ixeljein, használt
 []

[34] [35] <figures/adamSum.jpg, id=698, 976.64874pt x 222.8325pt>
File: figures/adamSum.jpg Graphic file (type jpg)

<use figures/adamSum.jpg>
Package pdftex.def Info: figures/adamSum.jpg used on input line 111.
(pdftex.def)             Requested size: 426.79134pt x 97.37677pt.
 <figures/sgdSum.jpg, id=699, 967.615pt x 216.81pt>
File: figures/sgdSum.jpg Graphic file (type jpg)

<use figures/sgdSum.jpg>
Package pdftex.def Info: figures/sgdSum.jpg used on input line 118.
(pdftex.def)             Requested size: 426.79134pt x 95.62827pt.

Overfull \hbox (15.75911pt too wide) in paragraph at lines 125--126
\T1/cmr/m/n/10.95 Miután az mnist adathalmazon sikeres méréseket végeztem egész
en egyszer¶ MLP hálózatokkal
 []


Overfull \hbox (8.17552pt too wide) in paragraph at lines 130--131
[]\T1/cmr/m/n/10.95 A CIFAR-10es adathalmaz 10'000-rel kevesebb tanító képet ta
rtalmaz, ez osztályonként
 []


Package hyperref Warning: Glyph not defined in PD1 encoding,
(hyperref)                removing `\H' on input line 151.


Overfull \hbox (2.01137pt too wide) in paragraph at lines 152--153
\T1/cmr/m/n/10.95 várt eredmény az lett volna, hogy az el®tanítás jelent®sen ja
vítani fog a hálók teljesítményén,
 []

[36 <./figures/adamSum.jpg> <./figures/sgdSum.jpg>]
Overfull \hbox (71.87117pt too wide) in paragraph at lines 158--165
 [][] 
 []


Overfull \hbox (75.12183pt too wide) in paragraph at lines 171--178
 [][] 
 []

<figures/bigDbnPretrained.jpg, id=708, 640.3925pt x 218.8175pt>
File: figures/bigDbnPretrained.jpg Graphic file (type jpg)

<use figures/bigDbnPretrained.jpg>
Package pdftex.def Info: figures/bigDbnPretrained.jpg used on input line 185.
(pdftex.def)             Requested size: 284.52756pt x 97.22156pt.

Underfull \hbox (badness 10000) in paragraph at lines 186--186
[][]|\T1/cmr/m/it/9 A 500-500-2000-30 neuronú el®tanított MLP
 []

<figures/bigDbnNotPretrained.jpg, id=709, 643.40375pt x 219.82124pt>
File: figures/bigDbnNotPretrained.jpg Graphic file (type jpg)

<use figures/bigDbnNotPretrained.jpg>
Package pdftex.def Info: figures/bigDbnNotPretrained.jpg used on input line 192
.
(pdftex.def)             Requested size: 284.52756pt x 97.21135pt.

Underfull \hbox (badness 10000) in paragraph at lines 193--193
[][]|\T1/cmr/m/it/9 A 500-500-2000-30 neuronú \T1/cmr/m/n/9 nem \T1/cmr/m/it/9 
el®tanított MLP
 []


LaTeX Warning: Reference `tab:CnnTablazat' on page 37 undefined on input line 2
00.


Overfull \hbox (17.12927pt too wide) in paragraph at lines 200--201
\T1/cmr/m/n/10.95 feladatokkal a figyelmemet az elméleti részben oly sok helyet
 elfoglaló konvoluciós architektúrák
 []


Overfull \hbox (50.81789pt too wide) in paragraph at lines 200--201
\T1/cmr/m/n/10.95 neurális jelfeldolgozás széles területén, nem csak képosztály
ozásban hanem akár beszédszintetizálásban
 []


Overfull \hbox (17.38173pt too wide) in paragraph at lines 200--201
\T1/cmr/m/n/10.95 is, ezért nagy reményekkel fordultam ezekhez a struktúrákhoz.
 Az eredményeimet a []. táblázat
 []

[37]) [38 <./figures/bigDbnPretrained.jpg> <./figures/bigDbnNotPretrained.jpg>]
\openout2 = `acknowledgement.aux'.

(./acknowledgement.tex)
Overfull \hbox (6.22392pt too wide) in paragraph at lines 5--160
\T1/cmr/m/n/10.95 Ez nem kötelez®, akár törölhet® is. Ha a szerz® szükségét érz
i, itt lehet köszönetet nyilvánítani
 []


Overfull \hbox (21.17076pt too wide) in paragraph at lines 5--160
\T1/cmr/m/n/10.95 diplomamunkában leírt feladatokat sikeresen elvégezze. A konz
ulensnek való köszönetnyilvánítás
 []

[39



] (./diploma.bbl) [40


]
\openout2 = `appendices.aux'.

 (./appendices.tex
<figures/TeXnicCenter.png, id=732, 847.66687pt x 520.19344pt>
File: figures/TeXnicCenter.png Graphic file (type png)

<use figures/TeXnicCenter.png>
Package pdftex.def Info: figures/TeXnicCenter.png used on input line 17.
(pdftex.def)             Requested size: 426.79134pt x 261.91376pt.
 [41


 <./figures/TeXnicCenter.png (PNG copy)>])
[42

]
\tf@thm=\write5
\openout5 = `diploma.thm'.

 
AED: lastpage setting LastPage
Package atveryend Info: Empty hook `BeforeClearDocument' on input line 172.
Package atveryend Info: Empty hook `AfterLastShipout' on input line 172.
(./diploma.aux (./guideline.aux) (./project.aux) (./titlepage.aux)
(./declaration.aux) (./abstract.aux) (./introduction.aux) (./tensorflow.aux)
(./neural_image_classification.aux) (./own_work.aux) (./measurements.aux)
(./acknowledgement.aux) (./appendices.aux))
Package atveryend Info: Executing hook `AtVeryEndDocument' on input line 172.
Package atveryend Info: Executing hook `AtEndAfterFileList' on input line 172.
Package rerunfilecheck Info: File `diploma.out' has not changed.
(rerunfilecheck)             Checksum: E8FC2AB4437EECFF89CD395708D63921;3807.


LaTeX Warning: There were undefined references.


LaTeX Warning: There were multiply-defined labels.

Package atveryend Info: Empty hook `AtVeryVeryEnd' on input line 172.
 ) 
Here is how much of TeX's memory you used:
 11143 strings out of 494910
 166984 string characters out of 6179836
 282194 words of memory out of 5000000
 13867 multiletter control sequences out of 15000+600000
 27700 words of font info for 67 fonts, out of 8000000 for 9000
 36 hyphenation exceptions out of 8191
 36i,12n,44p,1677b,1167s stack positions out of 5000i,500n,10000p,200000b,80000s
 </home/kkari/.texmf-var/fonts/pk/ljfour/jknappen/ec/ecti0600.600pk> </home/k
kari/.texmf-var/fonts/pk/ljfour/jknappen/ec/ecit0900.600pk> </home/kkari/.texmf
-var/fonts/pk/ljfour/jknappen/ec/ectt0800.600pk> </home/kkari/.texmf-var/fonts/
pk/ljfour/jknappen/ec/ecti0900.600pk> </home/kkari/.texmf-var/fonts/pk/ljfour/j
knappen/ec/ecbx1000.600pk> </home/kkari/.texmf-var/fonts/pk/ljfour/jknappen/ec/
ecrm0800.600pk> </home/kkari/.texmf-var/fonts/pk/ljfour/jknappen/ec/ecbx2488.60
0pk> </home/kkari/.texmf-var/fonts/pk/ljfour/jknappen/ec/ecrm1200.600pk> </home
/kkari/.texmf-var/fonts/pk/ljfour/jknappen/ec/eccc1440.600pk> </home/kkari/.tex
mf-var/fonts/pk/ljfour/jknappen/ec/ecbx2074.600pk> </home/kkari/.texmf-var/font
s/pk/ljfour/jknappen/ec/ecbx1095.600pk> </home/kkari/.texmf-var/fonts/pk/ljfour
/jknappen/ec/ecti1095.600pk> </home/kkari/.texmf-var/fonts/pk/ljfour/jknappen/e
c/ecbx1200.600pk> </home/kkari/.texmf-var/fonts/pk/ljfour/jknappen/ec/ecrm1095.
600pk> </home/kkari/.texmf-var/fonts/pk/ljfour/jknappen/ec/ecrm0600.600pk> </ho
me/kkari/.texmf-var/fonts/pk/ljfour/jknappen/ec/ecrm0900.600pk> </home/kkari/.t
exmf-var/fonts/pk/ljfour/jknappen/ec/ecbx1440.600pk></usr/share/texlive/texmf-d
ist/fonts/type1/public/amsfonts/cm/cmbx10.pfb></usr/share/texlive/texmf-dist/fo
nts/type1/public/amsfonts/cm/cmbx8.pfb></usr/share/texlive/texmf-dist/fonts/typ
e1/public/amsfonts/cm/cmex10.pfb></usr/share/texlive/texmf-dist/fonts/type1/pub
lic/amsfonts/cmextra/cmex8.pfb></usr/share/texlive/texmf-dist/fonts/type1/publi
c/amsfonts/cm/cmmi10.pfb></usr/share/texlive/texmf-dist/fonts/type1/public/amsf
onts/cm/cmmi8.pfb></usr/share/texlive/texmf-dist/fonts/type1/public/amsfonts/cm
/cmr10.pfb></usr/share/texlive/texmf-dist/fonts/type1/public/amsfonts/cm/cmr6.p
fb></usr/share/texlive/texmf-dist/fonts/type1/public/amsfonts/cm/cmr8.pfb></usr
/share/texlive/texmf-dist/fonts/type1/public/amsfonts/cm/cmsy10.pfb></usr/share
/texlive/texmf-dist/fonts/type1/public/amsfonts/cm/cmsy8.pfb></usr/share/texliv
e/texmf-dist/fonts/type1/public/amsfonts/cm/cmsy9.pfb>
Output written on diploma.pdf (45 pages, 3863444 bytes).
PDF statistics:
 1592 PDF objects out of 1728 (max. 8388607)
 804 compressed objects within 9 object streams
 295 named destinations out of 1000 (max. 500000)
 496 words of extra memory for PDF output out of 10000 (max. 10000000)

