This is pdfTeX, Version 3.14159265-2.6-1.40.16 (TeX Live 2015/Debian) (preloaded format=pdflatex 2016.9.26)  29 SEP 2016 14:14
entering extended mode
 restricted \write18 enabled.
 %&-line parsing enabled.
**titlepage.tex
(./titlepage.tex
LaTeX2e <2016/02/01>
Babel <3.9q> and hyphenation patterns for 5 language(s) loaded.

! LaTeX Error: Environment titlepage undefined.

See the LaTeX manual or LaTeX Companion for explanation.
Type  H <return>  for immediate help.
 ...                                              
                                                  
l.4 \begin{titlepage}
                     
Your command was ignored.
Type  I <command> <return>  to replace it with another command,
or  <return>  to continue without it.


! LaTeX Error: Missing \begin{document}.

See the LaTeX manual or LaTeX Companion for explanation.
Type  H <return>  for immediate help.
 ...                                              
                                                  
l.5 \begin{center}
                  
You're in trouble here.  Try typing  <return>  to proceed.
If that doesn't work, type  X <return>  to quit.


Overfull \hbox (20.0pt too wide) in paragraph at lines 5--5
[] 
 []

! Undefined control sequence.
l.6 \includegraphics
                    [width=60mm,keepaspectratio]{figures/BMElogo.png}\\
The control sequence at the end of the top line
of your error message was never \def'ed. If you have
misspelled it (e.g., `\hobx'), type `I' and the correct
spelling (e.g., `I\hbox'). Otherwise just continue,
and I'll forget about whatever was undefined.

Missing character: There is no [ in font nullfont!
Missing character: There is no w in font nullfont!
Missing character: There is no i in font nullfont!
Missing character: There is no d in font nullfont!
Missing character: There is no t in font nullfont!
Missing character: There is no h in font nullfont!
Missing character: There is no = in font nullfont!
Missing character: There is no 6 in font nullfont!
Missing character: There is no 0 in font nullfont!
Missing character: There is no m in font nullfont!
Missing character: There is no m in font nullfont!
Missing character: There is no , in font nullfont!
Missing character: There is no k in font nullfont!
Missing character: There is no e in font nullfont!
Missing character: There is no e in font nullfont!
Missing character: There is no p in font nullfont!
Missing character: There is no a in font nullfont!
Missing character: There is no s in font nullfont!
Missing character: There is no p in font nullfont!
Missing character: There is no e in font nullfont!
Missing character: There is no c in font nullfont!
Missing character: There is no t in font nullfont!
Missing character: There is no r in font nullfont!
Missing character: There is no a in font nullfont!
Missing character: There is no t in font nullfont!
Missing character: There is no i in font nullfont!
Missing character: There is no o in font nullfont!
Missing character: There is no ] in font nullfont!
Missing character: There is no f in font nullfont!
Missing character: There is no i in font nullfont!
Missing character: There is no g in font nullfont!
Missing character: There is no u in font nullfont!
Missing character: There is no r in font nullfont!
Missing character: There is no e in font nullfont!
Missing character: There is no s in font nullfont!
Missing character: There is no / in font nullfont!
Missing character: There is no B in font nullfont!
Missing character: There is no M in font nullfont!
Missing character: There is no E in font nullfont!
Missing character: There is no l in font nullfont!
Missing character: There is no o in font nullfont!
Missing character: There is no g in font nullfont!
Missing character: There is no o in font nullfont!
Missing character: There is no . in font nullfont!
Missing character: There is no p in font nullfont!
Missing character: There is no n in font nullfont!
Missing character: There is no g in font nullfont!
Missing character: There is no û in font cmbx10!
Missing character: There is no é in font cmbx10!
Missing character: There is no á in font cmbx10!
Missing character: There is no á in font cmbx10!

Overfull \hbox (50.73026pt too wide) in paragraph at lines 8--8
 []\OT1/cmr/bx/n/10 Budapesti 
 []


Overfull \hbox (35.41783pt too wide) in paragraph at lines 8--8
 \OT1/cmr/bx/n/10 Mszaki 
 []


Overfull \hbox (4.53607pt too wide) in paragraph at lines 8--8
 \OT1/cmr/bx/n/10 s 
 []


Overfull \hbox (23.57623pt too wide) in paragraph at lines 8--8
 \OT1/cmr/bx/n/10 Gaz- 
 []


Overfull \hbox (20.34846pt too wide) in paragraph at lines 8--8
 \OT1/cmr/bx/n/10 das- 
 []


Overfull \hbox (9.58328pt too wide) in paragraph at lines 8--8
 \OT1/cmr/bx/n/10 g- 
 []


Overfull \hbox (14.69437pt too wide) in paragraph at lines 8--8
 \OT1/cmr/bx/n/10 tu- 
 []


Overfull \hbox (25.55542pt too wide) in paragraph at lines 8--8
 \OT1/cmr/bx/n/10 dom- 
 []


Overfull \hbox (15.33325pt too wide) in paragraph at lines 8--8
 \OT1/cmr/bx/n/10 nyi 
 []


Overfull \hbox (43.65256pt too wide) in paragraph at lines 8--8
 \OT1/cmr/bx/n/10 Egyetem 
 []

Missing character: There is no é in font cmr10!
Missing character: There is no ö in font cmr10!
Missing character: There is no é in font cmr10!

Overfull \hbox (63.9724pt too wide) in paragraph at lines 9--9
 []\OT1/cmr/m/n/10 Villamosmrnki 
 []


Overfull \hbox (3.94444pt too wide) in paragraph at lines 9--9
 \OT1/cmr/m/n/10 s 
 []


Overfull \hbox (12.50002pt too wide) in paragraph at lines 9--9
 \OT1/cmr/m/n/10 In- 
 []


Overfull \hbox (15.30559pt too wide) in paragraph at lines 9--9
 \OT1/cmr/m/n/10 for- 
 []


Overfull \hbox (32.5001pt too wide) in paragraph at lines 9--9
 \OT1/cmr/m/n/10 matikai 
 []


Overfull \hbox (16.69449pt too wide) in paragraph at lines 9--9
 \OT1/cmr/m/n/10 Kar 
 []

! Undefined control sequence.
<recently read> \viktanszek 
                            
l.10 \textmd{\viktanszek}
                         \\[5cm]
The control sequence at the end of the top line
of your error message was never \def'ed. If you have
misspelled it (e.g., `\hobx'), type `I' and the correct
spelling (e.g., `I\hbox'). Otherwise just continue,
and I'll forget about whatever was undefined.

! Undefined control sequence.
l.13 {\huge
            \bfseries \vikcim}\\[0.8cm]
The control sequence at the end of the top line
of your error message was never \def'ed. If you have
misspelled it (e.g., `\hobx'), type `I' and the correct
spelling (e.g., `I\hbox'). Otherwise just continue,
and I'll forget about whatever was undefined.

! Undefined control sequence.
l.13 {\huge \bfseries \vikcim
                             }\\[0.8cm]
The control sequence at the end of the top line
of your error message was never \def'ed. If you have
misspelled it (e.g., `\hobx'), type `I' and the correct
spelling (e.g., `I\hbox'). Otherwise just continue,
and I'll forget about whatever was undefined.


! LaTeX Error: There's no line here to end.

See the LaTeX manual or LaTeX Companion for explanation.
Type  H <return>  for immediate help.
 ...                                              
                                                  
l.13 {\huge \bfseries \vikcim}\\
                                [0.8cm]
Your command was ignored.
Type  I <command> <return>  to replace it with another command,
or  <return>  to continue without it.

! Undefined control sequence.
<recently read> \Large 
                       
l.15 \textsc{\Large \vikdoktipus}
                                 \\[4cm]
The control sequence at the end of the top line
of your error message was never \def'ed. If you have
misspelled it (e.g., `\hobx'), type `I' and the correct
spelling (e.g., `I\hbox'). Otherwise just continue,
and I'll forget about whatever was undefined.

! Undefined control sequence.
<argument> \Large \vikdoktipus 
                               
l.15 \textsc{\Large \vikdoktipus}
                                 \\[4cm]
The control sequence at the end of the top line
of your error message was never \def'ed. If you have
misspelled it (e.g., `\hobx'), type `I' and the correct
spelling (e.g., `I\hbox'). Otherwise just continue,
and I'll forget about whatever was undefined.

LaTeX Font Info:    External font `cmex10' loaded for size
(Font)              <7> on input line 17.
LaTeX Font Info:    External font `cmex10' loaded for size
(Font)              <5> on input line 17.
Missing character: There is no é in font cmti10!
Missing character: There is no í in font cmti10!
! Undefined control sequence.
<argument> \vikszerzo 
                      
l.19  \makebox[7cm]{\vikszerzo}
                                & \makebox[7cm]{\vikkonzulens}
The control sequence at the end of the top line
of your error message was never \def'ed. If you have
misspelled it (e.g., `\hobx'), type `I' and the correct
spelling (e.g., `I\hbox'). Otherwise just continue,
and I'll forget about whatever was undefined.

! Undefined control sequence.
<argument> \vikkonzulens 
                         
l.19 ...\vikszerzo} & \makebox[7cm]{\vikkonzulens}
                                                  
The control sequence at the end of the top line
of your error message was never \def'ed. If you have
misspelled it (e.g., `\hobx'), type `I' and the correct
spelling (e.g., `I\hbox'). Otherwise just continue,
and I'll forget about whatever was undefined.


Overfull \hbox (398.33856pt too wide) in paragraph at lines 17--21
 [][] 
 []

! Undefined control sequence.
l.23 {\large
             \today}
The control sequence at the end of the top line
of your error message was never \def'ed. If you have
misspelled it (e.g., `\hobx'), type `I' and the correct
spelling (e.g., `I\hbox'). Otherwise just continue,
and I'll forget about whatever was undefined.

! Undefined control sequence.
l.23 {\large \today
                   }
The control sequence at the end of the top line
of your error message was never \def'ed. If you have
misspelled it (e.g., `\hobx'), type `I' and the correct
spelling (e.g., `I\hbox'). Otherwise just continue,
and I'll forget about whatever was undefined.


! LaTeX Error: \begin{document} ended by \end{titlepage}.

See the LaTeX manual or LaTeX Companion for explanation.
Type  H <return>  for immediate help.
 ...                                              
                                                  
l.25 \end{titlepage}
                    
Your command was ignored.
Type  I <command> <return>  to replace it with another command,
or  <return>  to continue without it.

)
! Emergency stop.
<*> titlepage.tex
                 
*** (job aborted, no legal \end found)

 
Here is how much of TeX's memory you used:
 21 strings out of 494910
 306 string characters out of 6179836
 46398 words of memory out of 5000000
 3410 multiletter control sequences out of 15000+600000
 4595 words of font info for 17 fonts, out of 8000000 for 9000
 36 hyphenation exceptions out of 8191
 19i,8n,15p,103b,207s stack positions out of 5000i,500n,10000p,200000b,80000s
!  ==> Fatal error occurred, no output PDF file produced!
